
The following have been reloaded with a version change:
  1) cpu/0.17.3b => cpu/0.15.4

2024-09-26 16:44:10,379 INFO impl.MetricsConfig: Loaded properties from hadoop-metrics2.properties
2024-09-26 16:44:10,444 INFO impl.MetricsSystemImpl: Scheduled Metric snapshot period at 10 second(s).
2024-09-26 16:44:10,444 INFO impl.MetricsSystemImpl: JobTracker metrics system started
2024-09-26 16:44:10,504 WARN mapreduce.JobResourceUploader: Hadoop command-line option parsing not performed. Implement the Tool interface and execute your application with ToolRunner to remedy this.
2024-09-26 16:44:10,532 INFO input.FileInputFormat: Total input files to process : 1
2024-09-26 16:44:10,584 INFO mapreduce.JobSubmitter: number of splits:1
2024-09-26 16:44:10,742 INFO mapreduce.JobSubmitter: Submitting tokens for job: job_local1045316413_0001
2024-09-26 16:44:10,742 INFO mapreduce.JobSubmitter: Executing with tokens: []
2024-09-26 16:44:10,820 INFO mapreduce.Job: The url to track the job: http://localhost:8080/
2024-09-26 16:44:10,821 INFO mapreduce.Job: Running job: job_local1045316413_0001
2024-09-26 16:44:10,840 INFO mapred.LocalJobRunner: OutputCommitter set in config null
2024-09-26 16:44:10,850 INFO output.FileOutputCommitter: File Output Committer Algorithm version is 2
2024-09-26 16:44:10,850 INFO output.FileOutputCommitter: FileOutputCommitter skip cleanup _temporary folders under output directory:false, ignore cleanup failures: false
2024-09-26 16:44:10,852 INFO mapred.LocalJobRunner: OutputCommitter is org.apache.hadoop.mapreduce.lib.output.FileOutputCommitter
2024-09-26 16:44:10,932 INFO mapred.LocalJobRunner: Waiting for map tasks
2024-09-26 16:44:10,932 INFO mapred.LocalJobRunner: Starting task: attempt_local1045316413_0001_m_000000_0
2024-09-26 16:44:10,949 INFO output.FileOutputCommitter: File Output Committer Algorithm version is 2
2024-09-26 16:44:10,951 INFO output.FileOutputCommitter: FileOutputCommitter skip cleanup _temporary folders under output directory:false, ignore cleanup failures: false
2024-09-26 16:44:10,973 INFO mapred.Task:  Using ResourceCalculatorProcessTree : [ ]
2024-09-26 16:44:10,975 INFO mapred.MapTask: Processing split: file:/home/ggupta1/project1/small-twitter.csv:0+194759
2024-09-26 16:44:10,993 INFO mapred.MapTask: (EQUATOR) 0 kvi 26214396(104857584)
2024-09-26 16:44:10,993 INFO mapred.MapTask: mapreduce.task.io.sort.mb: 100
2024-09-26 16:44:10,994 INFO mapred.MapTask: soft limit at 83886080
2024-09-26 16:44:10,994 INFO mapred.MapTask: bufstart = 0; bufvoid = 104857600
2024-09-26 16:44:10,994 INFO mapred.MapTask: kvstart = 26214396; length = 6553600
2024-09-26 16:44:10,996 INFO mapred.MapTask: Map output collector class = org.apache.hadoop.mapred.MapTask$MapOutputBuffer
2024-09-26 16:44:11,045 INFO mapred.LocalJobRunner: 
2024-09-26 16:44:11,045 INFO mapred.MapTask: Starting flush of map output
2024-09-26 16:44:11,045 INFO mapred.MapTask: Spilling map output
2024-09-26 16:44:11,045 INFO mapred.MapTask: bufstart = 0; bufend = 80000; bufvoid = 104857600
2024-09-26 16:44:11,045 INFO mapred.MapTask: kvstart = 26214396(104857584); kvend = 26174400(104697600); length = 39997/6553600
2024-09-26 16:44:11,071 INFO mapred.MapTask: Finished spill 0
2024-09-26 16:44:11,076 INFO mapred.Task: Task:attempt_local1045316413_0001_m_000000_0 is done. And is in the process of committing
2024-09-26 16:44:11,078 INFO mapred.LocalJobRunner: map
2024-09-26 16:44:11,078 INFO mapred.Task: Task 'attempt_local1045316413_0001_m_000000_0' done.
2024-09-26 16:44:11,082 INFO mapred.Task: Final Counters for attempt_local1045316413_0001_m_000000_0: Counters: 17
	File System Counters
		FILE: Number of bytes read=202137
		FILE: Number of bytes written=650665
		FILE: Number of read operations=0
		FILE: Number of large read operations=0
		FILE: Number of write operations=0
	Map-Reduce Framework
		Map input records=10000
		Map output records=10000
		Map output bytes=80000
		Map output materialized bytes=100006
		Input split bytes=110
		Combine input records=0
		Spilled Records=10000
		Failed Shuffles=0
		Merged Map outputs=0
		GC time elapsed (ms)=0
		Total committed heap usage (bytes)=2147483648
	File Input Format Counters 
		Bytes Read=194759
2024-09-26 16:44:11,082 INFO mapred.LocalJobRunner: Finishing task: attempt_local1045316413_0001_m_000000_0
2024-09-26 16:44:11,082 INFO mapred.LocalJobRunner: map task executor complete.
2024-09-26 16:44:11,087 INFO mapred.LocalJobRunner: Waiting for reduce tasks
2024-09-26 16:44:11,088 INFO mapred.LocalJobRunner: Starting task: attempt_local1045316413_0001_r_000000_0
2024-09-26 16:44:11,102 INFO output.FileOutputCommitter: File Output Committer Algorithm version is 2
2024-09-26 16:44:11,102 INFO output.FileOutputCommitter: FileOutputCommitter skip cleanup _temporary folders under output directory:false, ignore cleanup failures: false
2024-09-26 16:44:11,102 INFO mapred.Task:  Using ResourceCalculatorProcessTree : [ ]
2024-09-26 16:44:11,103 INFO mapred.ReduceTask: Using ShuffleConsumerPlugin: org.apache.hadoop.mapreduce.task.reduce.Shuffle@2272c721
2024-09-26 16:44:11,104 WARN impl.MetricsSystemImpl: JobTracker metrics system already initialized!
2024-09-26 16:44:11,113 INFO reduce.MergeManagerImpl: The max number of bytes for a single in-memory shuffle cannot be larger than Integer.MAX_VALUE. Setting it to Integer.MAX_VALUE
2024-09-26 16:44:11,113 INFO reduce.MergeManagerImpl: MergerManager: memoryLimit=22525089792, maxSingleShuffleLimit=2147483647, mergeThreshold=14866560000, ioSortFactor=10, memToMemMergeOutputsThreshold=10
2024-09-26 16:44:11,118 INFO reduce.EventFetcher: attempt_local1045316413_0001_r_000000_0 Thread started: EventFetcher for fetching Map Completion Events
2024-09-26 16:44:11,134 INFO reduce.LocalFetcher: localfetcher#1 about to shuffle output of map attempt_local1045316413_0001_m_000000_0 decomp: 100002 len: 100006 to MEMORY
2024-09-26 16:44:11,148 INFO reduce.InMemoryMapOutput: Read 100002 bytes from map-output for attempt_local1045316413_0001_m_000000_0
2024-09-26 16:44:11,149 INFO reduce.MergeManagerImpl: closeInMemoryFile -> map-output of size: 100002, inMemoryMapOutputs.size() -> 1, commitMemory -> 0, usedMemory ->100002
2024-09-26 16:44:11,150 INFO reduce.EventFetcher: EventFetcher is interrupted.. Returning
2024-09-26 16:44:11,151 INFO mapred.LocalJobRunner: 1 / 1 copied.
2024-09-26 16:44:11,151 INFO reduce.MergeManagerImpl: finalMerge called with 1 in-memory map-outputs and 0 on-disk map-outputs
2024-09-26 16:44:11,154 INFO mapred.Merger: Merging 1 sorted segments
2024-09-26 16:44:11,154 INFO mapred.Merger: Down to the last merge-pass, with 1 segments left of total size: 99996 bytes
2024-09-26 16:44:11,166 INFO reduce.MergeManagerImpl: Merged 1 segments, 100002 bytes to disk to satisfy reduce memory limit
2024-09-26 16:44:11,167 INFO reduce.MergeManagerImpl: Merging 1 files, 100006 bytes from disk
2024-09-26 16:44:11,167 INFO reduce.MergeManagerImpl: Merging 0 segments, 0 bytes from memory into reduce
2024-09-26 16:44:11,167 INFO mapred.Merger: Merging 1 sorted segments
2024-09-26 16:44:11,170 INFO mapred.Merger: Down to the last merge-pass, with 1 segments left of total size: 99996 bytes
2024-09-26 16:44:11,170 INFO mapred.LocalJobRunner: 1 / 1 copied.
2024-09-26 16:44:11,218 INFO Configuration.deprecation: mapred.skip.on is deprecated. Instead, use mapreduce.job.skiprecords
2024-09-26 16:44:11,268 INFO mapred.Task: Task:attempt_local1045316413_0001_r_000000_0 is done. And is in the process of committing
2024-09-26 16:44:11,268 INFO mapred.LocalJobRunner: 1 / 1 copied.
2024-09-26 16:44:11,268 INFO mapred.Task: Task attempt_local1045316413_0001_r_000000_0 is allowed to commit now
2024-09-26 16:44:11,288 INFO output.FileOutputCommitter: Saved output of task 'attempt_local1045316413_0001_r_000000_0' to file:/home/ggupta1/project1/tmp
2024-09-26 16:44:11,289 INFO mapred.LocalJobRunner: reduce > reduce
2024-09-26 16:44:11,289 INFO mapred.Task: Task 'attempt_local1045316413_0001_r_000000_0' done.
2024-09-26 16:44:11,289 INFO mapred.Task: Final Counters for attempt_local1045316413_0001_r_000000_0: Counters: 24
	File System Counters
		FILE: Number of bytes read=402181
		FILE: Number of bytes written=857003
		FILE: Number of read operations=0
		FILE: Number of large read operations=0
		FILE: Number of write operations=0
	Map-Reduce Framework
		Combine input records=0
		Combine output records=0
		Reduce input groups=9191
		Reduce shuffle bytes=100006
		Reduce input records=10000
		Reduce output records=9191
		Spilled Records=10000
		Shuffled Maps =1
		Failed Shuffles=0
		Merged Map outputs=1
		GC time elapsed (ms)=0
		Total committed heap usage (bytes)=2147483648
	Shuffle Errors
		BAD_ID=0
		CONNECTION=0
		IO_ERROR=0
		WRONG_LENGTH=0
		WRONG_MAP=0
		WRONG_REDUCE=0
	File Output Format Counters 
		Bytes Written=106332
2024-09-26 16:44:11,289 INFO mapred.LocalJobRunner: Finishing task: attempt_local1045316413_0001_r_000000_0
2024-09-26 16:44:11,289 INFO mapred.LocalJobRunner: reduce task executor complete.
2024-09-26 16:44:11,843 INFO mapreduce.Job: Job job_local1045316413_0001 running in uber mode : false
2024-09-26 16:44:11,844 INFO mapreduce.Job:  map 100% reduce 100%
2024-09-26 16:44:11,845 INFO mapreduce.Job: Job job_local1045316413_0001 completed successfully
2024-09-26 16:44:11,849 INFO mapreduce.Job: Counters: 30
	File System Counters
		FILE: Number of bytes read=604318
		FILE: Number of bytes written=1507668
		FILE: Number of read operations=0
		FILE: Number of large read operations=0
		FILE: Number of write operations=0
	Map-Reduce Framework
		Map input records=10000
		Map output records=10000
		Map output bytes=80000
		Map output materialized bytes=100006
		Input split bytes=110
		Combine input records=0
		Combine output records=0
		Reduce input groups=9191
		Reduce shuffle bytes=100006
		Reduce input records=10000
		Reduce output records=9191
		Spilled Records=20000
		Shuffled Maps =1
		Failed Shuffles=0
		Merged Map outputs=1
		GC time elapsed (ms)=0
		Total committed heap usage (bytes)=4294967296
	Shuffle Errors
		BAD_ID=0
		CONNECTION=0
		IO_ERROR=0
		WRONG_LENGTH=0
		WRONG_MAP=0
		WRONG_REDUCE=0
	File Input Format Counters 
		Bytes Read=194759
	File Output Format Counters 
		Bytes Written=106332
2024-09-26 16:44:11,860 WARN impl.MetricsSystemImpl: JobTracker metrics system already initialized!
2024-09-26 16:44:11,862 WARN mapreduce.JobResourceUploader: Hadoop command-line option parsing not performed. Implement the Tool interface and execute your application with ToolRunner to remedy this.
2024-09-26 16:44:11,880 INFO input.FileInputFormat: Total input files to process : 1
2024-09-26 16:44:11,882 INFO mapreduce.JobSubmitter: number of splits:1
2024-09-26 16:44:11,890 INFO mapreduce.JobSubmitter: Submitting tokens for job: job_local2042791804_0002
2024-09-26 16:44:11,890 INFO mapreduce.JobSubmitter: Executing with tokens: []
2024-09-26 16:44:11,946 INFO mapreduce.Job: The url to track the job: http://localhost:8080/
2024-09-26 16:44:11,946 INFO mapreduce.Job: Running job: job_local2042791804_0002
2024-09-26 16:44:11,946 INFO mapred.LocalJobRunner: OutputCommitter set in config null
2024-09-26 16:44:11,946 INFO output.FileOutputCommitter: File Output Committer Algorithm version is 2
2024-09-26 16:44:11,946 INFO output.FileOutputCommitter: FileOutputCommitter skip cleanup _temporary folders under output directory:false, ignore cleanup failures: false
2024-09-26 16:44:11,947 INFO mapred.LocalJobRunner: OutputCommitter is org.apache.hadoop.mapreduce.lib.output.FileOutputCommitter
2024-09-26 16:44:12,004 INFO mapred.LocalJobRunner: Waiting for map tasks
2024-09-26 16:44:12,004 INFO mapred.LocalJobRunner: Starting task: attempt_local2042791804_0002_m_000000_0
2024-09-26 16:44:12,005 INFO output.FileOutputCommitter: File Output Committer Algorithm version is 2
2024-09-26 16:44:12,005 INFO output.FileOutputCommitter: FileOutputCommitter skip cleanup _temporary folders under output directory:false, ignore cleanup failures: false
2024-09-26 16:44:12,005 INFO mapred.Task:  Using ResourceCalculatorProcessTree : [ ]
2024-09-26 16:44:12,006 INFO mapred.MapTask: Processing split: file:/home/ggupta1/project1/tmp/part-r-00000:0+105496
2024-09-26 16:44:12,014 INFO mapred.MapTask: (EQUATOR) 0 kvi 26214396(104857584)
2024-09-26 16:44:12,014 INFO mapred.MapTask: mapreduce.task.io.sort.mb: 100
2024-09-26 16:44:12,014 INFO mapred.MapTask: soft limit at 83886080
2024-09-26 16:44:12,014 INFO mapred.MapTask: bufstart = 0; bufvoid = 104857600
2024-09-26 16:44:12,014 INFO mapred.MapTask: kvstart = 26214396; length = 6553600
2024-09-26 16:44:12,014 INFO mapred.MapTask: Map output collector class = org.apache.hadoop.mapred.MapTask$MapOutputBuffer
2024-09-26 16:44:12,038 INFO mapred.LocalJobRunner: 
2024-09-26 16:44:12,038 INFO mapred.MapTask: Starting flush of map output
2024-09-26 16:44:12,038 INFO mapred.MapTask: Spilling map output
2024-09-26 16:44:12,038 INFO mapred.MapTask: bufstart = 0; bufend = 73528; bufvoid = 104857600
2024-09-26 16:44:12,038 INFO mapred.MapTask: kvstart = 26214396(104857584); kvend = 26177636(104710544); length = 36761/6553600
2024-09-26 16:44:12,047 INFO mapred.MapTask: Finished spill 0
2024-09-26 16:44:12,048 INFO mapred.Task: Task:attempt_local2042791804_0002_m_000000_0 is done. And is in the process of committing
2024-09-26 16:44:12,049 INFO mapred.LocalJobRunner: map
2024-09-26 16:44:12,049 INFO mapred.Task: Task 'attempt_local2042791804_0002_m_000000_0' done.
2024-09-26 16:44:12,049 INFO mapred.Task: Final Counters for attempt_local2042791804_0002_m_000000_0: Counters: 17
	File System Counters
		FILE: Number of bytes read=515894
		FILE: Number of bytes written=1499567
		FILE: Number of read operations=0
		FILE: Number of large read operations=0
		FILE: Number of write operations=0
	Map-Reduce Framework
		Map input records=9191
		Map output records=9191
		Map output bytes=73528
		Map output materialized bytes=91916
		Input split bytes=109
		Combine input records=0
		Spilled Records=9191
		Failed Shuffles=0
		Merged Map outputs=0
		GC time elapsed (ms)=0
		Total committed heap usage (bytes)=2147483648
	File Input Format Counters 
		Bytes Read=106336
2024-09-26 16:44:12,049 INFO mapred.LocalJobRunner: Finishing task: attempt_local2042791804_0002_m_000000_0
2024-09-26 16:44:12,049 INFO mapred.LocalJobRunner: map task executor complete.
2024-09-26 16:44:12,051 INFO mapred.LocalJobRunner: Waiting for reduce tasks
2024-09-26 16:44:12,051 INFO mapred.LocalJobRunner: Starting task: attempt_local2042791804_0002_r_000000_0
2024-09-26 16:44:12,052 INFO output.FileOutputCommitter: File Output Committer Algorithm version is 2
2024-09-26 16:44:12,052 INFO output.FileOutputCommitter: FileOutputCommitter skip cleanup _temporary folders under output directory:false, ignore cleanup failures: false
2024-09-26 16:44:12,052 INFO mapred.Task:  Using ResourceCalculatorProcessTree : [ ]
2024-09-26 16:44:12,052 INFO mapred.ReduceTask: Using ShuffleConsumerPlugin: org.apache.hadoop.mapreduce.task.reduce.Shuffle@3e2b09f9
2024-09-26 16:44:12,052 WARN impl.MetricsSystemImpl: JobTracker metrics system already initialized!
2024-09-26 16:44:12,053 INFO reduce.MergeManagerImpl: The max number of bytes for a single in-memory shuffle cannot be larger than Integer.MAX_VALUE. Setting it to Integer.MAX_VALUE
2024-09-26 16:44:12,053 INFO reduce.MergeManagerImpl: MergerManager: memoryLimit=22525089792, maxSingleShuffleLimit=2147483647, mergeThreshold=14866560000, ioSortFactor=10, memToMemMergeOutputsThreshold=10
2024-09-26 16:44:12,054 INFO reduce.EventFetcher: attempt_local2042791804_0002_r_000000_0 Thread started: EventFetcher for fetching Map Completion Events
2024-09-26 16:44:12,055 INFO reduce.LocalFetcher: localfetcher#2 about to shuffle output of map attempt_local2042791804_0002_m_000000_0 decomp: 91912 len: 91916 to MEMORY
2024-09-26 16:44:12,055 INFO reduce.InMemoryMapOutput: Read 91912 bytes from map-output for attempt_local2042791804_0002_m_000000_0
2024-09-26 16:44:12,056 INFO reduce.MergeManagerImpl: closeInMemoryFile -> map-output of size: 91912, inMemoryMapOutputs.size() -> 1, commitMemory -> 0, usedMemory ->91912
2024-09-26 16:44:12,056 INFO reduce.EventFetcher: EventFetcher is interrupted.. Returning
2024-09-26 16:44:12,056 INFO mapred.LocalJobRunner: 1 / 1 copied.
2024-09-26 16:44:12,057 INFO reduce.MergeManagerImpl: finalMerge called with 1 in-memory map-outputs and 0 on-disk map-outputs
2024-09-26 16:44:12,058 INFO mapred.Merger: Merging 1 sorted segments
2024-09-26 16:44:12,058 INFO mapred.Merger: Down to the last merge-pass, with 1 segments left of total size: 91906 bytes
2024-09-26 16:44:12,062 INFO reduce.MergeManagerImpl: Merged 1 segments, 91912 bytes to disk to satisfy reduce memory limit
2024-09-26 16:44:12,062 INFO reduce.MergeManagerImpl: Merging 1 files, 91916 bytes from disk
2024-09-26 16:44:12,062 INFO reduce.MergeManagerImpl: Merging 0 segments, 0 bytes from memory into reduce
2024-09-26 16:44:12,062 INFO mapred.Merger: Merging 1 sorted segments
2024-09-26 16:44:12,063 INFO mapred.Merger: Down to the last merge-pass, with 1 segments left of total size: 91906 bytes
2024-09-26 16:44:12,063 INFO mapred.LocalJobRunner: 1 / 1 copied.
2024-09-26 16:44:12,148 INFO mapred.Task: Task:attempt_local2042791804_0002_r_000000_0 is done. And is in the process of committing
2024-09-26 16:44:12,148 INFO mapred.LocalJobRunner: 1 / 1 copied.
2024-09-26 16:44:12,149 INFO mapred.Task: Task attempt_local2042791804_0002_r_000000_0 is allowed to commit now
2024-09-26 16:44:12,160 INFO output.FileOutputCommitter: Saved output of task 'attempt_local2042791804_0002_r_000000_0' to file:/home/ggupta1/project1/output
2024-09-26 16:44:12,160 INFO mapred.LocalJobRunner: reduce > reduce
2024-09-26 16:44:12,160 INFO mapred.Task: Task 'attempt_local2042791804_0002_r_000000_0' done.
2024-09-26 16:44:12,161 INFO mapred.Task: Final Counters for attempt_local2042791804_0002_r_000000_0: Counters: 24
	File System Counters
		FILE: Number of bytes read=699758
		FILE: Number of bytes written=1591530
		FILE: Number of read operations=0
		FILE: Number of large read operations=0
		FILE: Number of write operations=0
	Map-Reduce Framework
		Combine input records=0
		Combine output records=0
		Reduce input groups=7
		Reduce shuffle bytes=91916
		Reduce input records=9191
		Reduce output records=7
		Spilled Records=9191
		Shuffled Maps =1
		Failed Shuffles=0
		Merged Map outputs=1
		GC time elapsed (ms)=0
		Total committed heap usage (bytes)=2147483648
	Shuffle Errors
		BAD_ID=0
		CONNECTION=0
		IO_ERROR=0
		WRONG_LENGTH=0
		WRONG_MAP=0
		WRONG_REDUCE=0
	File Output Format Counters 
		Bytes Written=47
2024-09-26 16:44:12,161 INFO mapred.LocalJobRunner: Finishing task: attempt_local2042791804_0002_r_000000_0
2024-09-26 16:44:12,161 INFO mapred.LocalJobRunner: reduce task executor complete.
2024-09-26 16:44:12,946 INFO mapreduce.Job: Job job_local2042791804_0002 running in uber mode : false
2024-09-26 16:44:12,947 INFO mapreduce.Job:  map 100% reduce 100%
2024-09-26 16:44:12,947 INFO mapreduce.Job: Job job_local2042791804_0002 completed successfully
2024-09-26 16:44:12,949 INFO mapreduce.Job: Counters: 30
	File System Counters
		FILE: Number of bytes read=1215652
		FILE: Number of bytes written=3091097
		FILE: Number of read operations=0
		FILE: Number of large read operations=0
		FILE: Number of write operations=0
	Map-Reduce Framework
		Map input records=9191
		Map output records=9191
		Map output bytes=73528
		Map output materialized bytes=91916
		Input split bytes=109
		Combine input records=0
		Combine output records=0
		Reduce input groups=7
		Reduce shuffle bytes=91916
		Reduce input records=9191
		Reduce output records=7
		Spilled Records=18382
		Shuffled Maps =1
		Failed Shuffles=0
		Merged Map outputs=1
		GC time elapsed (ms)=0
		Total committed heap usage (bytes)=4294967296
	Shuffle Errors
		BAD_ID=0
		CONNECTION=0
		IO_ERROR=0
		WRONG_LENGTH=0
		WRONG_MAP=0
		WRONG_REDUCE=0
	File Input Format Counters 
		Bytes Read=106336
	File Output Format Counters 
		Bytes Written=47
