
The following have been reloaded with a version change:
  1) cpu/0.17.3b => cpu/0.15.4

2024-10-10 09:25:55,212 INFO impl.MetricsConfig: Loaded properties from hadoop-metrics2.properties
2024-10-10 09:25:55,279 INFO impl.MetricsSystemImpl: Scheduled Metric snapshot period at 10 second(s).
2024-10-10 09:25:55,279 INFO impl.MetricsSystemImpl: JobTracker metrics system started
2024-10-10 09:25:55,325 WARN mapreduce.JobResourceUploader: Hadoop command-line option parsing not performed. Implement the Tool interface and execute your application with ToolRunner to remedy this.
2024-10-10 09:25:55,339 INFO mapreduce.JobSubmitter: Cleaning up the staging area file:/tmp/hadoop/mapred/staging/ggupta1239683940/.staging/job_local239683940_0001
Exception in thread "main" ENOENT: No such file or directory
	at org.apache.hadoop.io.nativeio.NativeIO$POSIX.chmodImpl(Native Method)
	at org.apache.hadoop.io.nativeio.NativeIO$POSIX.chmod(NativeIO.java:382)
	at org.apache.hadoop.fs.RawLocalFileSystem.setPermission(RawLocalFileSystem.java:863)
	at org.apache.hadoop.fs.ChecksumFileSystem$1.apply(ChecksumFileSystem.java:510)
	at org.apache.hadoop.fs.ChecksumFileSystem$FsOperation.run(ChecksumFileSystem.java:491)
	at org.apache.hadoop.fs.ChecksumFileSystem.setPermission(ChecksumFileSystem.java:513)
	at org.apache.hadoop.fs.FileSystem.mkdirs(FileSystem.java:682)
	at org.apache.hadoop.mapreduce.JobResourceUploader.mkdirs(JobResourceUploader.java:660)
	at org.apache.hadoop.mapreduce.JobResourceUploader.uploadResourcesInternal(JobResourceUploader.java:174)
	at org.apache.hadoop.mapreduce.JobResourceUploader.uploadResources(JobResourceUploader.java:135)
	at org.apache.hadoop.mapreduce.JobSubmitter.copyAndConfigureFiles(JobSubmitter.java:99)
	at org.apache.hadoop.mapreduce.JobSubmitter.submitJobInternal(JobSubmitter.java:194)
	at org.apache.hadoop.mapreduce.Job$11.run(Job.java:1565)
	at org.apache.hadoop.mapreduce.Job$11.run(Job.java:1562)
	at java.base/java.security.AccessController.doPrivileged(Native Method)
	at java.base/javax.security.auth.Subject.doAs(Subject.java:423)
	at org.apache.hadoop.security.UserGroupInformation.doAs(UserGroupInformation.java:1762)
	at org.apache.hadoop.mapreduce.Job.submit(Job.java:1562)
	at org.apache.hadoop.mapreduce.Job.waitForCompletion(Job.java:1583)
	at GraphPartition.main(GraphPartition.java:142)
	at java.base/jdk.internal.reflect.NativeMethodAccessorImpl.invoke0(Native Method)
	at java.base/jdk.internal.reflect.NativeMethodAccessorImpl.invoke(NativeMethodAccessorImpl.java:62)
	at java.base/jdk.internal.reflect.DelegatingMethodAccessorImpl.invoke(DelegatingMethodAccessorImpl.java:43)
	at java.base/java.lang.reflect.Method.invoke(Method.java:566)
	at org.apache.hadoop.util.RunJar.run(RunJar.java:323)
	at org.apache.hadoop.util.RunJar.main(RunJar.java:236)
/cm/local/apps/slurm/var/spool/job34435466/slurm_script: line 19: //: Is a directory
cat: 'output/part-r-*': No such file or directory
rm: cannot remove '/tmp/hadoop/mapred/staging': Permission denied
