2024-09-30 22:27:07,129 INFO impl.MetricsConfig: Loaded properties from hadoop-metrics2.properties
2024-09-30 22:27:07,184 INFO impl.MetricsSystemImpl: Scheduled Metric snapshot period at 10 second(s).
2024-09-30 22:27:07,184 INFO impl.MetricsSystemImpl: JobTracker metrics system started
2024-09-30 22:27:07,232 WARN mapreduce.JobResourceUploader: Hadoop command-line option parsing not performed. Implement the Tool interface and execute your application with ToolRunner to remedy this.
2024-09-30 22:27:07,283 INFO input.FileInputFormat: Total input files to process : 1
2024-09-30 22:27:07,295 INFO input.FileInputFormat: Total input files to process : 1
2024-09-30 22:27:07,306 INFO mapreduce.JobSubmitter: number of splits:2
2024-09-30 22:27:07,399 INFO mapreduce.JobSubmitter: Submitting tokens for job: job_local1803983028_0001
2024-09-30 22:27:07,400 INFO mapreduce.JobSubmitter: Executing with tokens: []
2024-09-30 22:27:07,506 INFO mapreduce.Job: The url to track the job: http://localhost:8080/
2024-09-30 22:27:07,507 INFO mapreduce.Job: Running job: job_local1803983028_0001
2024-09-30 22:27:07,508 INFO mapred.LocalJobRunner: OutputCommitter set in config null
2024-09-30 22:27:07,514 INFO output.FileOutputCommitter: File Output Committer Algorithm version is 2
2024-09-30 22:27:07,514 INFO output.FileOutputCommitter: FileOutputCommitter skip cleanup _temporary folders under output directory:false, ignore cleanup failures: false
2024-09-30 22:27:07,514 INFO mapred.LocalJobRunner: OutputCommitter is org.apache.hadoop.mapreduce.lib.output.FileOutputCommitter
2024-09-30 22:27:07,539 INFO mapred.LocalJobRunner: Waiting for map tasks
2024-09-30 22:27:07,539 INFO mapred.LocalJobRunner: Starting task: attempt_local1803983028_0001_m_000000_0
2024-09-30 22:27:07,557 INFO output.FileOutputCommitter: File Output Committer Algorithm version is 2
2024-09-30 22:27:07,557 INFO output.FileOutputCommitter: FileOutputCommitter skip cleanup _temporary folders under output directory:false, ignore cleanup failures: false
2024-09-30 22:27:07,575 INFO mapred.Task:  Using ResourceCalculatorProcessTree : [ ]
2024-09-30 22:27:07,578 INFO mapred.MapTask: Processing split: file:/home/ganesh/project2/M-matrix-small.txt:0+92
2024-09-30 22:27:07,614 INFO mapred.MapTask: (EQUATOR) 0 kvi 26214396(104857584)
2024-09-30 22:27:07,614 INFO mapred.MapTask: mapreduce.task.io.sort.mb: 100
2024-09-30 22:27:07,614 INFO mapred.MapTask: soft limit at 83886080
2024-09-30 22:27:07,614 INFO mapred.MapTask: bufstart = 0; bufvoid = 104857600
2024-09-30 22:27:07,614 INFO mapred.MapTask: kvstart = 26214396; length = 6553600
2024-09-30 22:27:07,617 INFO mapred.MapTask: Map output collector class = org.apache.hadoop.mapred.MapTask$MapOutputBuffer
2024-09-30 22:27:07,641 INFO mapred.LocalJobRunner: 
2024-09-30 22:27:07,641 INFO mapred.MapTask: Starting flush of map output
2024-09-30 22:27:07,641 INFO mapred.MapTask: Spilling map output
2024-09-30 22:27:07,641 INFO mapred.MapTask: bufstart = 0; bufend = 176; bufvoid = 104857600
2024-09-30 22:27:07,641 INFO mapred.MapTask: kvstart = 26214396(104857584); kvend = 26214356(104857424); length = 41/6553600
2024-09-30 22:27:07,648 INFO mapred.MapTask: Finished spill 0
2024-09-30 22:27:07,658 INFO mapred.Task: Task:attempt_local1803983028_0001_m_000000_0 is done. And is in the process of committing
2024-09-30 22:27:07,659 INFO mapred.LocalJobRunner: map
2024-09-30 22:27:07,659 INFO mapred.Task: Task 'attempt_local1803983028_0001_m_000000_0' done.
2024-09-30 22:27:07,664 INFO mapred.Task: Final Counters for attempt_local1803983028_0001_m_000000_0: Counters: 17
	File System Counters
		FILE: Number of bytes read=11038
		FILE: Number of bytes written=555351
		FILE: Number of read operations=0
		FILE: Number of large read operations=0
		FILE: Number of write operations=0
	Map-Reduce Framework
		Map input records=11
		Map output records=11
		Map output bytes=176
		Map output materialized bytes=204
		Input split bytes=240
		Combine input records=0
		Spilled Records=11
		Failed Shuffles=0
		Merged Map outputs=0
		GC time elapsed (ms)=0
		Total committed heap usage (bytes)=212860928
	File Input Format Counters 
		Bytes Read=0
2024-09-30 22:27:07,664 INFO mapred.LocalJobRunner: Finishing task: attempt_local1803983028_0001_m_000000_0
2024-09-30 22:27:07,664 INFO mapred.LocalJobRunner: Starting task: attempt_local1803983028_0001_m_000001_0
2024-09-30 22:27:07,665 INFO output.FileOutputCommitter: File Output Committer Algorithm version is 2
2024-09-30 22:27:07,665 INFO output.FileOutputCommitter: FileOutputCommitter skip cleanup _temporary folders under output directory:false, ignore cleanup failures: false
2024-09-30 22:27:07,666 INFO mapred.Task:  Using ResourceCalculatorProcessTree : [ ]
2024-09-30 22:27:07,667 INFO mapred.MapTask: Processing split: file:/home/ganesh/project2/N-matrix-small.txt:0+67
2024-09-30 22:27:07,700 INFO mapred.MapTask: (EQUATOR) 0 kvi 26214396(104857584)
2024-09-30 22:27:07,700 INFO mapred.MapTask: mapreduce.task.io.sort.mb: 100
2024-09-30 22:27:07,700 INFO mapred.MapTask: soft limit at 83886080
2024-09-30 22:27:07,700 INFO mapred.MapTask: bufstart = 0; bufvoid = 104857600
2024-09-30 22:27:07,700 INFO mapred.MapTask: kvstart = 26214396; length = 6553600
2024-09-30 22:27:07,701 INFO mapred.MapTask: Map output collector class = org.apache.hadoop.mapred.MapTask$MapOutputBuffer
2024-09-30 22:27:07,709 INFO mapred.LocalJobRunner: 
2024-09-30 22:27:07,709 INFO mapred.MapTask: Starting flush of map output
2024-09-30 22:27:07,709 INFO mapred.MapTask: Spilling map output
2024-09-30 22:27:07,709 INFO mapred.MapTask: bufstart = 0; bufend = 128; bufvoid = 104857600
2024-09-30 22:27:07,709 INFO mapred.MapTask: kvstart = 26214396(104857584); kvend = 26214368(104857472); length = 29/6553600
2024-09-30 22:27:07,712 INFO mapred.MapTask: Finished spill 0
2024-09-30 22:27:07,715 INFO mapred.Task: Task:attempt_local1803983028_0001_m_000001_0 is done. And is in the process of committing
2024-09-30 22:27:07,717 INFO mapred.LocalJobRunner: map
2024-09-30 22:27:07,717 INFO mapred.Task: Task 'attempt_local1803983028_0001_m_000001_0' done.
2024-09-30 22:27:07,717 INFO mapred.Task: Final Counters for attempt_local1803983028_0001_m_000001_0: Counters: 17
	File System Counters
		FILE: Number of bytes read=11604
		FILE: Number of bytes written=555533
		FILE: Number of read operations=0
		FILE: Number of large read operations=0
		FILE: Number of write operations=0
	Map-Reduce Framework
		Map input records=8
		Map output records=8
		Map output bytes=128
		Map output materialized bytes=150
		Input split bytes=240
		Combine input records=0
		Spilled Records=8
		Failed Shuffles=0
		Merged Map outputs=0
		GC time elapsed (ms)=0
		Total committed heap usage (bytes)=318242816
	File Input Format Counters 
		Bytes Read=0
2024-09-30 22:27:07,717 INFO mapred.LocalJobRunner: Finishing task: attempt_local1803983028_0001_m_000001_0
2024-09-30 22:27:07,717 INFO mapred.LocalJobRunner: map task executor complete.
2024-09-30 22:27:07,720 INFO mapred.LocalJobRunner: Waiting for reduce tasks
2024-09-30 22:27:07,721 INFO mapred.LocalJobRunner: Starting task: attempt_local1803983028_0001_r_000000_0
2024-09-30 22:27:07,727 INFO output.FileOutputCommitter: File Output Committer Algorithm version is 2
2024-09-30 22:27:07,727 INFO output.FileOutputCommitter: FileOutputCommitter skip cleanup _temporary folders under output directory:false, ignore cleanup failures: false
2024-09-30 22:27:07,727 INFO mapred.Task:  Using ResourceCalculatorProcessTree : [ ]
2024-09-30 22:27:07,730 INFO mapred.ReduceTask: Using ShuffleConsumerPlugin: org.apache.hadoop.mapreduce.task.reduce.Shuffle@8e91a7e
2024-09-30 22:27:07,741 WARN impl.MetricsSystemImpl: JobTracker metrics system already initialized!
2024-09-30 22:27:07,753 INFO reduce.MergeManagerImpl: MergerManager: memoryLimit=626471744, maxSingleShuffleLimit=156617936, mergeThreshold=413471360, ioSortFactor=10, memToMemMergeOutputsThreshold=10
2024-09-30 22:27:07,754 INFO reduce.EventFetcher: attempt_local1803983028_0001_r_000000_0 Thread started: EventFetcher for fetching Map Completion Events
2024-09-30 22:27:07,770 INFO reduce.LocalFetcher: localfetcher#1 about to shuffle output of map attempt_local1803983028_0001_m_000000_0 decomp: 200 len: 204 to MEMORY
2024-09-30 22:27:07,772 INFO reduce.InMemoryMapOutput: Read 200 bytes from map-output for attempt_local1803983028_0001_m_000000_0
2024-09-30 22:27:07,772 INFO reduce.MergeManagerImpl: closeInMemoryFile -> map-output of size: 200, inMemoryMapOutputs.size() -> 1, commitMemory -> 0, usedMemory ->200
2024-09-30 22:27:07,774 INFO reduce.LocalFetcher: localfetcher#1 about to shuffle output of map attempt_local1803983028_0001_m_000001_0 decomp: 146 len: 150 to MEMORY
2024-09-30 22:27:07,774 INFO reduce.InMemoryMapOutput: Read 146 bytes from map-output for attempt_local1803983028_0001_m_000001_0
2024-09-30 22:27:07,774 INFO reduce.MergeManagerImpl: closeInMemoryFile -> map-output of size: 146, inMemoryMapOutputs.size() -> 2, commitMemory -> 200, usedMemory ->346
2024-09-30 22:27:07,775 INFO reduce.EventFetcher: EventFetcher is interrupted.. Returning
2024-09-30 22:27:07,775 INFO mapred.LocalJobRunner: 2 / 2 copied.
2024-09-30 22:27:07,775 INFO reduce.MergeManagerImpl: finalMerge called with 2 in-memory map-outputs and 0 on-disk map-outputs
2024-09-30 22:27:07,780 INFO mapred.Merger: Merging 2 sorted segments
2024-09-30 22:27:07,780 INFO mapred.Merger: Down to the last merge-pass, with 2 segments left of total size: 334 bytes
2024-09-30 22:27:07,781 INFO reduce.MergeManagerImpl: Merged 2 segments, 346 bytes to disk to satisfy reduce memory limit
2024-09-30 22:27:07,782 INFO reduce.MergeManagerImpl: Merging 1 files, 348 bytes from disk
2024-09-30 22:27:07,782 INFO reduce.MergeManagerImpl: Merging 0 segments, 0 bytes from memory into reduce
2024-09-30 22:27:07,782 INFO mapred.Merger: Merging 1 sorted segments
2024-09-30 22:27:07,782 INFO mapred.Merger: Down to the last merge-pass, with 1 segments left of total size: 338 bytes
2024-09-30 22:27:07,783 INFO mapred.LocalJobRunner: 2 / 2 copied.
2024-09-30 22:27:07,785 INFO Configuration.deprecation: mapred.skip.on is deprecated. Instead, use mapreduce.job.skiprecords
2024-09-30 22:27:07,791 INFO mapred.Task: Task:attempt_local1803983028_0001_r_000000_0 is done. And is in the process of committing
2024-09-30 22:27:07,792 INFO mapred.LocalJobRunner: 2 / 2 copied.
2024-09-30 22:27:07,792 INFO mapred.Task: Task attempt_local1803983028_0001_r_000000_0 is allowed to commit now
2024-09-30 22:27:07,793 INFO output.FileOutputCommitter: Saved output of task 'attempt_local1803983028_0001_r_000000_0' to file:/home/ganesh/project2/tmp
2024-09-30 22:27:07,794 INFO mapred.LocalJobRunner: reduce > reduce
2024-09-30 22:27:07,794 INFO mapred.Task: Task 'attempt_local1803983028_0001_r_000000_0' done.
2024-09-30 22:27:07,794 INFO mapred.Task: Final Counters for attempt_local1803983028_0001_r_000000_0: Counters: 24
	File System Counters
		FILE: Number of bytes read=12370
		FILE: Number of bytes written=556211
		FILE: Number of read operations=0
		FILE: Number of large read operations=0
		FILE: Number of write operations=0
	Map-Reduce Framework
		Combine input records=0
		Combine output records=0
		Reduce input groups=3
		Reduce shuffle bytes=354
		Reduce input records=19
		Reduce output records=29
		Spilled Records=19
		Shuffled Maps =2
		Failed Shuffles=0
		Merged Map outputs=2
		GC time elapsed (ms)=9
		Total committed heap usage (bytes)=318242816
	Shuffle Errors
		BAD_ID=0
		CONNECTION=0
		IO_ERROR=0
		WRONG_LENGTH=0
		WRONG_MAP=0
		WRONG_REDUCE=0
	File Output Format Counters 
		Bytes Written=330
2024-09-30 22:27:07,794 INFO mapred.LocalJobRunner: Finishing task: attempt_local1803983028_0001_r_000000_0
2024-09-30 22:27:07,795 INFO mapred.LocalJobRunner: reduce task executor complete.
2024-09-30 22:27:08,511 INFO mapreduce.Job: Job job_local1803983028_0001 running in uber mode : false
2024-09-30 22:27:08,513 INFO mapreduce.Job:  map 100% reduce 100%
2024-09-30 22:27:08,514 INFO mapreduce.Job: Job job_local1803983028_0001 completed successfully
2024-09-30 22:27:08,519 INFO mapreduce.Job: Counters: 30
	File System Counters
		FILE: Number of bytes read=35012
		FILE: Number of bytes written=1667095
		FILE: Number of read operations=0
		FILE: Number of large read operations=0
		FILE: Number of write operations=0
	Map-Reduce Framework
		Map input records=19
		Map output records=19
		Map output bytes=304
		Map output materialized bytes=354
		Input split bytes=480
		Combine input records=0
		Combine output records=0
		Reduce input groups=3
		Reduce shuffle bytes=354
		Reduce input records=19
		Reduce output records=29
		Spilled Records=38
		Shuffled Maps =2
		Failed Shuffles=0
		Merged Map outputs=2
		GC time elapsed (ms)=9
		Total committed heap usage (bytes)=849346560
	Shuffle Errors
		BAD_ID=0
		CONNECTION=0
		IO_ERROR=0
		WRONG_LENGTH=0
		WRONG_MAP=0
		WRONG_REDUCE=0
	File Input Format Counters 
		Bytes Read=0
	File Output Format Counters 
		Bytes Written=330
2024-09-30 22:27:08,529 WARN impl.MetricsSystemImpl: JobTracker metrics system already initialized!
2024-09-30 22:27:08,531 WARN mapreduce.JobResourceUploader: Hadoop command-line option parsing not performed. Implement the Tool interface and execute your application with ToolRunner to remedy this.
2024-09-30 22:27:08,535 INFO input.FileInputFormat: Total input files to process : 1
2024-09-30 22:27:08,537 INFO mapreduce.JobSubmitter: number of splits:1
2024-09-30 22:27:08,548 INFO mapreduce.JobSubmitter: Submitting tokens for job: job_local1788222373_0002
2024-09-30 22:27:08,548 INFO mapreduce.JobSubmitter: Executing with tokens: []
2024-09-30 22:27:08,586 INFO mapreduce.Job: The url to track the job: http://localhost:8080/
2024-09-30 22:27:08,586 INFO mapreduce.Job: Running job: job_local1788222373_0002
2024-09-30 22:27:08,586 INFO mapred.LocalJobRunner: OutputCommitter set in config null
2024-09-30 22:27:08,586 INFO output.FileOutputCommitter: File Output Committer Algorithm version is 2
2024-09-30 22:27:08,586 INFO output.FileOutputCommitter: FileOutputCommitter skip cleanup _temporary folders under output directory:false, ignore cleanup failures: false
2024-09-30 22:27:08,586 INFO mapred.LocalJobRunner: OutputCommitter is org.apache.hadoop.mapreduce.lib.output.FileOutputCommitter
2024-09-30 22:27:08,588 INFO mapred.LocalJobRunner: Waiting for map tasks
2024-09-30 22:27:08,588 INFO mapred.LocalJobRunner: Starting task: attempt_local1788222373_0002_m_000000_0
2024-09-30 22:27:08,589 INFO output.FileOutputCommitter: File Output Committer Algorithm version is 2
2024-09-30 22:27:08,589 INFO output.FileOutputCommitter: FileOutputCommitter skip cleanup _temporary folders under output directory:false, ignore cleanup failures: false
2024-09-30 22:27:08,589 INFO mapred.Task:  Using ResourceCalculatorProcessTree : [ ]
2024-09-30 22:27:08,590 INFO mapred.MapTask: Processing split: file:/home/ganesh/project2/tmp/part-r-00000:0+318
2024-09-30 22:27:08,620 INFO mapred.MapTask: (EQUATOR) 0 kvi 26214396(104857584)
2024-09-30 22:27:08,620 INFO mapred.MapTask: mapreduce.task.io.sort.mb: 100
2024-09-30 22:27:08,620 INFO mapred.MapTask: soft limit at 83886080
2024-09-30 22:27:08,620 INFO mapred.MapTask: bufstart = 0; bufvoid = 104857600
2024-09-30 22:27:08,620 INFO mapred.MapTask: kvstart = 26214396; length = 6553600
2024-09-30 22:27:08,622 INFO mapred.MapTask: Map output collector class = org.apache.hadoop.mapred.MapTask$MapOutputBuffer
2024-09-30 22:27:08,624 INFO mapred.LocalJobRunner: 
2024-09-30 22:27:08,624 INFO mapred.MapTask: Starting flush of map output
2024-09-30 22:27:08,624 INFO mapred.MapTask: Spilling map output
2024-09-30 22:27:08,624 INFO mapred.MapTask: bufstart = 0; bufend = 348; bufvoid = 104857600
2024-09-30 22:27:08,624 INFO mapred.MapTask: kvstart = 26214396(104857584); kvend = 26214284(104857136); length = 113/6553600
2024-09-30 22:27:08,627 INFO mapred.MapTask: Finished spill 0
2024-09-30 22:27:08,628 INFO mapred.Task: Task:attempt_local1788222373_0002_m_000000_0 is done. And is in the process of committing
2024-09-30 22:27:08,629 INFO mapred.LocalJobRunner: map
2024-09-30 22:27:08,629 INFO mapred.Task: Task 'attempt_local1788222373_0002_m_000000_0' done.
2024-09-30 22:27:08,629 INFO mapred.Task: Final Counters for attempt_local1788222373_0002_m_000000_0: Counters: 17
	File System Counters
		FILE: Number of bytes read=23266
		FILE: Number of bytes written=1110942
		FILE: Number of read operations=0
		FILE: Number of large read operations=0
		FILE: Number of write operations=0
	Map-Reduce Framework
		Map input records=29
		Map output records=29
		Map output bytes=348
		Map output materialized bytes=412
		Input split bytes=108
		Combine input records=0
		Spilled Records=29
		Failed Shuffles=0
		Merged Map outputs=0
		GC time elapsed (ms)=0
		Total committed heap usage (bytes)=423624704
	File Input Format Counters 
		Bytes Read=334
2024-09-30 22:27:08,629 INFO mapred.LocalJobRunner: Finishing task: attempt_local1788222373_0002_m_000000_0
2024-09-30 22:27:08,629 INFO mapred.LocalJobRunner: map task executor complete.
2024-09-30 22:27:08,630 INFO mapred.LocalJobRunner: Waiting for reduce tasks
2024-09-30 22:27:08,630 INFO mapred.LocalJobRunner: Starting task: attempt_local1788222373_0002_r_000000_0
2024-09-30 22:27:08,631 INFO output.FileOutputCommitter: File Output Committer Algorithm version is 2
2024-09-30 22:27:08,631 INFO output.FileOutputCommitter: FileOutputCommitter skip cleanup _temporary folders under output directory:false, ignore cleanup failures: false
2024-09-30 22:27:08,631 INFO mapred.Task:  Using ResourceCalculatorProcessTree : [ ]
2024-09-30 22:27:08,631 INFO mapred.ReduceTask: Using ShuffleConsumerPlugin: org.apache.hadoop.mapreduce.task.reduce.Shuffle@3f888ece
2024-09-30 22:27:08,631 WARN impl.MetricsSystemImpl: JobTracker metrics system already initialized!
2024-09-30 22:27:08,632 INFO reduce.MergeManagerImpl: MergerManager: memoryLimit=626471744, maxSingleShuffleLimit=156617936, mergeThreshold=413471360, ioSortFactor=10, memToMemMergeOutputsThreshold=10
2024-09-30 22:27:08,633 INFO reduce.EventFetcher: attempt_local1788222373_0002_r_000000_0 Thread started: EventFetcher for fetching Map Completion Events
2024-09-30 22:27:08,634 INFO reduce.LocalFetcher: localfetcher#2 about to shuffle output of map attempt_local1788222373_0002_m_000000_0 decomp: 408 len: 412 to MEMORY
2024-09-30 22:27:08,634 INFO reduce.InMemoryMapOutput: Read 408 bytes from map-output for attempt_local1788222373_0002_m_000000_0
2024-09-30 22:27:08,634 INFO reduce.MergeManagerImpl: closeInMemoryFile -> map-output of size: 408, inMemoryMapOutputs.size() -> 1, commitMemory -> 0, usedMemory ->408
2024-09-30 22:27:08,635 INFO reduce.EventFetcher: EventFetcher is interrupted.. Returning
2024-09-30 22:27:08,635 INFO mapred.LocalJobRunner: 1 / 1 copied.
2024-09-30 22:27:08,635 INFO reduce.MergeManagerImpl: finalMerge called with 1 in-memory map-outputs and 0 on-disk map-outputs
2024-09-30 22:27:08,637 INFO mapred.Merger: Merging 1 sorted segments
2024-09-30 22:27:08,637 INFO mapred.Merger: Down to the last merge-pass, with 1 segments left of total size: 398 bytes
2024-09-30 22:27:08,638 INFO reduce.MergeManagerImpl: Merged 1 segments, 408 bytes to disk to satisfy reduce memory limit
2024-09-30 22:27:08,638 INFO reduce.MergeManagerImpl: Merging 1 files, 412 bytes from disk
2024-09-30 22:27:08,638 INFO reduce.MergeManagerImpl: Merging 0 segments, 0 bytes from memory into reduce
2024-09-30 22:27:08,638 INFO mapred.Merger: Merging 1 sorted segments
2024-09-30 22:27:08,638 INFO mapred.Merger: Down to the last merge-pass, with 1 segments left of total size: 398 bytes
2024-09-30 22:27:08,639 INFO mapred.LocalJobRunner: 1 / 1 copied.
2024-09-30 22:27:08,642 INFO mapred.Task: Task:attempt_local1788222373_0002_r_000000_0 is done. And is in the process of committing
2024-09-30 22:27:08,643 INFO mapred.LocalJobRunner: 1 / 1 copied.
2024-09-30 22:27:08,643 INFO mapred.Task: Task attempt_local1788222373_0002_r_000000_0 is allowed to commit now
2024-09-30 22:27:08,643 INFO output.FileOutputCommitter: Saved output of task 'attempt_local1788222373_0002_r_000000_0' to file:/home/ganesh/project2/output
2024-09-30 22:27:08,644 INFO mapred.LocalJobRunner: reduce > reduce
2024-09-30 22:27:08,644 INFO mapred.Task: Task 'attempt_local1788222373_0002_r_000000_0' done.
2024-09-30 22:27:08,644 INFO mapred.Task: Final Counters for attempt_local1788222373_0002_r_000000_0: Counters: 24
	File System Counters
		FILE: Number of bytes read=24122
		FILE: Number of bytes written=1111495
		FILE: Number of read operations=0
		FILE: Number of large read operations=0
		FILE: Number of write operations=0
	Map-Reduce Framework
		Combine input records=0
		Combine output records=0
		Reduce input groups=12
		Reduce shuffle bytes=412
		Reduce input records=29
		Reduce output records=12
		Spilled Records=29
		Shuffled Maps =1
		Failed Shuffles=0
		Merged Map outputs=1
		GC time elapsed (ms)=0
		Total committed heap usage (bytes)=423624704
	Shuffle Errors
		BAD_ID=0
		CONNECTION=0
		IO_ERROR=0
		WRONG_LENGTH=0
		WRONG_MAP=0
		WRONG_REDUCE=0
	File Output Format Counters 
		Bytes Written=141
2024-09-30 22:27:08,644 INFO mapred.LocalJobRunner: Finishing task: attempt_local1788222373_0002_r_000000_0
2024-09-30 22:27:08,644 INFO mapred.LocalJobRunner: reduce task executor complete.
2024-09-30 22:27:09,587 INFO mapreduce.Job: Job job_local1788222373_0002 running in uber mode : false
2024-09-30 22:27:09,587 INFO mapreduce.Job:  map 100% reduce 100%
2024-09-30 22:27:09,588 INFO mapreduce.Job: Job job_local1788222373_0002 completed successfully
2024-09-30 22:27:09,591 INFO mapreduce.Job: Counters: 30
	File System Counters
		FILE: Number of bytes read=47388
		FILE: Number of bytes written=2222437
		FILE: Number of read operations=0
		FILE: Number of large read operations=0
		FILE: Number of write operations=0
	Map-Reduce Framework
		Map input records=29
		Map output records=29
		Map output bytes=348
		Map output materialized bytes=412
		Input split bytes=108
		Combine input records=0
		Combine output records=0
		Reduce input groups=12
		Reduce shuffle bytes=412
		Reduce input records=29
		Reduce output records=12
		Spilled Records=58
		Shuffled Maps =1
		Failed Shuffles=0
		Merged Map outputs=1
		GC time elapsed (ms)=0
		Total committed heap usage (bytes)=847249408
	Shuffle Errors
		BAD_ID=0
		CONNECTION=0
		IO_ERROR=0
		WRONG_LENGTH=0
		WRONG_MAP=0
		WRONG_REDUCE=0
	File Input Format Counters 
		Bytes Read=334
	File Output Format Counters 
		Bytes Written=141
